<?xml version="1.0" encoding="UTF-8"?><testsuite failures="0" name="cucumber.runtime.formatter.JUnitFormatter" skipped="1" tests="5" time="17.150482">
<testcase classname="Home Page" name="Enter the item for search" time="13.699492">
<system-out><![CDATA[Given User is on the home page..............................................passed
When User enters SearchKeyword..............................................passed
And click the search icon...................................................passed
Then user should be able to get the expected product........................passed
]]></system-out>
</testcase>
<testcase classname="Home Page" name="Customer Support Helpline" time="0">
<skipped><![CDATA[When User Clicks on Customer Care icon......................................undefined
Then User should see the Customer Care Page.................................undefined
]]></skipped>
</testcase>
<testcase classname="Login Page" name="Login into flipkart" time="0.26722">
<system-out><![CDATA[When he clicks on login icon................................................passed
Then he should be able to see the Login Page................................passed
]]></system-out>
</testcase>
<testcase classname="Login Page" name="Login into flipkart" time="0.885089">
<system-out><![CDATA[Given User is on the Login Page.............................................passed
When User enters Username as "8750152322" and Password as "telnet@123"......passed
And click the submit button.................................................passed
Then user should be on the home page........................................passed
]]></system-out>
</testcase>
<testcase classname="Product List" name="Product name with highest rating" time="2.298681">
<system-out><![CDATA[When User is on the product list page.......................................passed
Then he should get the product with highest rating..........................passed
]]></system-out>
</testcase>
</testsuite>
