<?xml version="1.0" encoding="UTF-8"?>
<testng-results skipped="0" failed="0" total="1" passed="1">
  <reporter-output>
  </reporter-output>
  <suite name="com.maven.selenium.WebdriverTest" duration-ms="10467" started-at="2017-08-17T11:53:24Z" finished-at="2017-08-17T11:53:35Z">
    <groups>
    </groups>
    <test name="Command line test" duration-ms="10467" started-at="2017-08-17T11:53:24Z" finished-at="2017-08-17T11:53:35Z">
      <class name="com.maven.selenium.WebdriverTest">
        <test-method status="PASS" signature="verifySearch()[pri:0, instance:com.maven.selenium.WebdriverTest@3b81a1bc]" name="verifySearch" duration-ms="10452" started-at="2017-08-17T17:23:24Z" finished-at="2017-08-17T17:23:35Z">
          <reporter-output>
          </reporter-output>
        </test-method> <!-- verifySearch -->
      </class> <!-- com.maven.selenium.WebdriverTest -->
    </test> <!-- Command line test -->
  </suite> <!-- com.maven.selenium.WebdriverTest -->
</testng-results>
