<?xml version="1.0" encoding="UTF-8"?>
<testng-results skipped="0" failed="0" total="0" passed="0">
  <reporter-output>
  </reporter-output>
  <suite name="Default suite" duration-ms="12322" started-at="2017-09-25T07:37:13Z" finished-at="2017-09-25T07:37:25Z">
    <groups>
    </groups>
    <test name="Default test" duration-ms="12322" started-at="2017-09-25T07:37:13Z" finished-at="2017-09-25T07:37:25Z">
      <class name="com.maven.FlipkartTask4">
        <test-method status="PASS" signature="openSite()[pri:0, instance:com.maven.FlipkartTask4@28d25987]" name="openSite" is-config="true" duration-ms="12309" started-at="2017-09-25T13:07:13Z" finished-at="2017-09-25T13:07:25Z">
          <reporter-output>
          </reporter-output>
        </test-method> <!-- openSite -->
      </class> <!-- com.maven.FlipkartTask4 -->
    </test> <!-- Default test -->
  </suite> <!-- Default suite -->
</testng-results>
