<?xml version="1.0" encoding="UTF-8"?>
<testng-results skipped="3" failed="0" total="3" passed="0">
  <reporter-output>
  </reporter-output>
  <suite name="Default suite" duration-ms="3429" started-at="2017-09-19T18:19:13Z" finished-at="2017-09-19T18:19:17Z">
    <groups>
    </groups>
    <test name="Default test" duration-ms="3429" started-at="2017-09-19T18:19:13Z" finished-at="2017-09-19T18:19:17Z">
      <class name="testcases.Scenario27">
        <test-method status="FAIL" signature="initialize()[pri:0, instance:testcases.Scenario27@67784306]" name="initialize" is-config="true" duration-ms="0" started-at="2017-09-19T23:49:13Z" finished-at="2017-09-19T23:49:13Z">
          <exception class="java.lang.NullPointerException">
            <full-stacktrace>
              <![CDATA[java.lang.NullPointerException
	at datatable.ReadExcel.getCellData(ReadExcel.java:26)
	at testcases.FunctionalTests.initialize(FunctionalTests.java:31)
	at sun.reflect.NativeMethodAccessorImpl.invoke0(Native Method)
	at sun.reflect.NativeMethodAccessorImpl.invoke(NativeMethodAccessorImpl.java:62)
	at sun.reflect.DelegatingMethodAccessorImpl.invoke(DelegatingMethodAccessorImpl.java:43)
	at java.lang.reflect.Method.invoke(Method.java:498)
	at org.testng.internal.MethodInvocationHelper.invokeMethod(MethodInvocationHelper.java:86)
	at org.testng.internal.Invoker.invokeConfigurationMethod(Invoker.java:514)
	at org.testng.internal.Invoker.invokeConfigurations(Invoker.java:215)
	at org.testng.internal.Invoker.invokeConfigurations(Invoker.java:142)
	at org.testng.internal.TestMethodWorker.invokeBeforeClassMethods(TestMethodWorker.java:178)
	at org.testng.internal.TestMethodWorker.run(TestMethodWorker.java:108)
	at org.testng.TestRunner.privateRun(TestRunner.java:782)
	at org.testng.TestRunner.run(TestRunner.java:632)
	at org.testng.SuiteRunner.runTest(SuiteRunner.java:366)
	at org.testng.SuiteRunner.runSequentially(SuiteRunner.java:361)
	at org.testng.SuiteRunner.privateRun(SuiteRunner.java:319)
	at org.testng.SuiteRunner.run(SuiteRunner.java:268)
	at org.testng.SuiteRunnerWorker.runSuite(SuiteRunnerWorker.java:52)
	at org.testng.SuiteRunnerWorker.run(SuiteRunnerWorker.java:86)
	at org.testng.TestNG.runSuitesSequentially(TestNG.java:1244)
	at org.testng.TestNG.runSuitesLocally(TestNG.java:1169)
	at org.testng.TestNG.run(TestNG.java:1064)
	at org.testng.remote.AbstractRemoteTestNG.run(AbstractRemoteTestNG.java:132)
	at org.testng.remote.RemoteTestNG.initAndRun(RemoteTestNG.java:230)
	at org.testng.remote.RemoteTestNG.main(RemoteTestNG.java:76)
]]>
            </full-stacktrace>
          </exception> <!-- java.lang.NullPointerException -->
          <reporter-output>
          </reporter-output>
        </test-method> <!-- initialize -->
        <test-method status="SKIP" signature="enterTextForSearch()[pri:0, instance:testcases.Scenario27@67784306]" name="enterTextForSearch" duration-ms="1" started-at="2017-09-19T23:49:17Z" finished-at="2017-09-19T23:49:17Z">
          <reporter-output>
          </reporter-output>
        </test-method> <!-- enterTextForSearch -->
        <test-method status="SKIP" signature="clickSearchButton()[pri:1, instance:testcases.Scenario27@67784306]" name="clickSearchButton" duration-ms="2" started-at="2017-09-19T23:49:17Z" finished-at="2017-09-19T23:49:17Z">
          <reporter-output>
          </reporter-output>
        </test-method> <!-- clickSearchButton -->
        <test-method status="SKIP" signature="countLinkText()[pri:2, instance:testcases.Scenario27@67784306]" name="countLinkText" duration-ms="3" started-at="2017-09-19T23:49:17Z" finished-at="2017-09-19T23:49:17Z">
          <reporter-output>
          </reporter-output>
        </test-method> <!-- countLinkText -->
        <test-method status="SKIP" signature="closeBrowser()[pri:0, instance:testcases.Scenario27@67784306]" name="closeBrowser" is-config="true" duration-ms="0" started-at="2017-09-19T23:49:17Z" finished-at="2017-09-19T23:49:17Z">
          <reporter-output>
          </reporter-output>
        </test-method> <!-- closeBrowser -->
      </class> <!-- testcases.Scenario27 -->
    </test> <!-- Default test -->
  </suite> <!-- Default suite -->
</testng-results>
