<?xml version="1.0" encoding="UTF-8"?>
<testng-results skipped="0" failed="0" total="3" passed="3">
  <reporter-output>
  </reporter-output>
  <suite name="Default suite" duration-ms="62010" started-at="2017-09-22T07:04:09Z" finished-at="2017-09-22T07:05:11Z">
    <groups>
    </groups>
    <test name="Default test" duration-ms="62010" started-at="2017-09-22T07:04:09Z" finished-at="2017-09-22T07:05:11Z">
      <class name="com.maven.snapdeal.TestCases">
        <test-method status="PASS" signature="setUp()[pri:0, instance:com.maven.snapdeal.TestCases@3ffc5af1]" name="setUp" is-config="true" duration-ms="14204" started-at="2017-09-22T12:34:09Z" finished-at="2017-09-22T12:34:24Z">
          <reporter-output>
          </reporter-output>
        </test-method> <!-- setUp -->
        <test-method status="PASS" signature="HomePageTest()[pri:0, instance:com.maven.snapdeal.TestCases@3ffc5af1]" name="HomePageTest" duration-ms="4690" started-at="2017-09-22T12:34:24Z" finished-at="2017-09-22T12:34:28Z">
          <reporter-output>
          </reporter-output>
        </test-method> <!-- HomePageTest -->
        <test-method status="PASS" signature="changeSliderTest()[pri:1, instance:com.maven.snapdeal.TestCases@3ffc5af1]" name="changeSliderTest" duration-ms="2691" started-at="2017-09-22T12:34:28Z" finished-at="2017-09-22T12:34:31Z">
          <reporter-output>
          </reporter-output>
        </test-method> <!-- changeSliderTest -->
        <test-method status="PASS" signature="priceRangeTest()[pri:2, instance:com.maven.snapdeal.TestCases@3ffc5af1]" name="priceRangeTest" duration-ms="40263" started-at="2017-09-22T12:34:31Z" finished-at="2017-09-22T12:35:11Z">
          <reporter-output>
          </reporter-output>
        </test-method> <!-- priceRangeTest -->
        <test-method status="PASS" signature="closeSetUp()[pri:0, instance:com.maven.snapdeal.TestCases@3ffc5af1]" name="closeSetUp" is-config="true" duration-ms="144" started-at="2017-09-22T12:35:11Z" finished-at="2017-09-22T12:35:11Z">
          <reporter-output>
          </reporter-output>
        </test-method> <!-- closeSetUp -->
      </class> <!-- com.maven.snapdeal.TestCases -->
    </test> <!-- Default test -->
  </suite> <!-- Default suite -->
</testng-results>
