<?xml version="1.0" encoding="UTF-8"?>
<!-- Generated by org.testng.reporters.JUnitXMLReporter -->
<testsuite hostname="Amra" name="Default test" tests="3" failures="0" timestamp="22 Sep 2017 07:05:11 GMT" time="62.01" errors="0">
  <testcase name="HomePageTest" time="4.69" classname="com.maven.snapdeal.TestCases"/>
  <testcase name="changeSliderTest" time="2.691" classname="com.maven.snapdeal.TestCases"/>
  <testcase name="priceRangeTest" time="40.263" classname="com.maven.snapdeal.TestCases"/>
</testsuite> <!-- Default test -->
