<?xml version="1.0" encoding="UTF-8"?>
<!-- Generated by org.testng.reporters.JUnitXMLReporter -->
<testsuite hostname="Amra" name="Default test" tests="3" failures="0" timestamp="19 Sep 2017 18:19:17 GMT" time="3.429" errors="0">
  <testcase name="@BeforeClass initialize" time="0.0" classname="testcases.Scenario27">
    <failure type="java.lang.NullPointerException">
      <![CDATA[java.lang.NullPointerException
	at datatable.ReadExcel.getCellData(ReadExcel.java:26)
	at testcases.FunctionalTests.initialize(FunctionalTests.java:31)
	at sun.reflect.NativeMethodAccessorImpl.invoke0(Native Method)
	at sun.reflect.NativeMethodAccessorImpl.invoke(NativeMethodAccessorImpl.java:62)
	at sun.reflect.DelegatingMethodAccessorImpl.invoke(DelegatingMethodAccessorImpl.java:43)
	at java.lang.reflect.Method.invoke(Method.java:498)
	at org.testng.internal.MethodInvocationHelper.invokeMethod(MethodInvocationHelper.java:86)
	at org.testng.internal.Invoker.invokeConfigurationMethod(Invoker.java:514)
	at org.testng.internal.Invoker.invokeConfigurations(Invoker.java:215)
	at org.testng.internal.Invoker.invokeConfigurations(Invoker.java:142)
	at org.testng.internal.TestMethodWorker.invokeBeforeClassMethods(TestMethodWorker.java:178)
	at org.testng.internal.TestMethodWorker.run(TestMethodWorker.java:108)
	at org.testng.TestRunner.privateRun(TestRunner.java:782)
	at org.testng.TestRunner.run(TestRunner.java:632)
	at org.testng.SuiteRunner.runTest(SuiteRunner.java:366)
	at org.testng.SuiteRunner.runSequentially(SuiteRunner.java:361)
	at org.testng.SuiteRunner.privateRun(SuiteRunner.java:319)
	at org.testng.SuiteRunner.run(SuiteRunner.java:268)
	at org.testng.SuiteRunnerWorker.runSuite(SuiteRunnerWorker.java:52)
	at org.testng.SuiteRunnerWorker.run(SuiteRunnerWorker.java:86)
	at org.testng.TestNG.runSuitesSequentially(TestNG.java:1244)
	at org.testng.TestNG.runSuitesLocally(TestNG.java:1169)
	at org.testng.TestNG.run(TestNG.java:1064)
	at org.testng.remote.AbstractRemoteTestNG.run(AbstractRemoteTestNG.java:132)
	at org.testng.remote.RemoteTestNG.initAndRun(RemoteTestNG.java:230)
	at org.testng.remote.RemoteTestNG.main(RemoteTestNG.java:76)
]]>
    </failure>
  </testcase> <!-- @BeforeClass initialize -->
  <testcase name="@AfterClass closeBrowser" time="0.0" classname="testcases.Scenario27">
    <skipped/>
  </testcase> <!-- @AfterClass closeBrowser -->
  <testcase name="enterTextForSearch" time="0.001" classname="testcases.Scenario27">
    <skipped/>
  </testcase> <!-- enterTextForSearch -->
  <testcase name="clickSearchButton" time="0.002" classname="testcases.Scenario27">
    <skipped/>
  </testcase> <!-- clickSearchButton -->
  <testcase name="countLinkText" time="0.003" classname="testcases.Scenario27">
    <skipped/>
  </testcase> <!-- countLinkText -->
</testsuite> <!-- Default test -->
