[
  {
    "line": 2,
    "elements": [
      {
        "line": 6,
        "name": "Enter the item for search",
        "description": "",
        "id": "home-page;enter-the-item-for-search",
        "type": "scenario",
        "keyword": "Scenario",
        "steps": [
          {
            "result": {
              "duration": 17124814405,
              "status": "passed"
            },
            "line": 7,
            "name": "User is on the home page",
            "match": {
              "location": "Hooks.user_is_on_the_home_page()"
            },
            "keyword": "Given "
          },
          {
            "result": {
              "duration": 607630830,
              "status": "passed"
            },
            "line": 8,
            "name": "User enters SearchKeyword",
            "match": {
              "location": "TestCase.if_User_enters_SearchKeyword(DataTable)"
            },
            "rows": [
              {
                "cells": [
                  "adidas shoes"
                ],
                "line": 9
              },
              {
                "cells": [
                  "iphone 7"
                ],
                "line": 10
              }
            ],
            "keyword": "When "
          },
          {
            "result": {
              "duration": 295535300,
              "status": "passed"
            },
            "line": 11,
            "name": "click the search icon",
            "match": {
              "location": "TestCase.click_the_search_icon()"
            },
            "keyword": "And "
          },
          {
            "result": {
              "duration": 188155,
              "status": "passed"
            },
            "line": 12,
            "name": "user should be able to get the expected product",
            "match": {
              "location": "TestCase.user_should_be_able_to_get_the_expected_product()"
            },
            "keyword": "Then "
          }
        ],
        "tags": [
          {
            "line": 5,
            "name": "@tag1"
          }
        ]
      },
      {
        "line": 19,
        "name": "Customer Support Helpline",
        "description": "",
        "id": "home-page;customer-support-helpline",
        "type": "scenario",
        "keyword": "Scenario",
        "steps": [
          {
            "result": {
              "status": "undefined"
            },
            "line": 20,
            "name": "User Clicks on Customer Care icon",
            "match": {},
            "keyword": "When "
          },
          {
            "result": {
              "status": "undefined"
            },
            "line": 21,
            "name": "User should see the Customer Care Page",
            "match": {},
            "keyword": "Then "
          }
        ],
        "tags": [
          {
            "line": 14,
            "name": "@tag2"
          },
          {
            "line": 18,
            "name": "@tag3"
          }
        ]
      }
    ],
    "name": "Home Page",
    "description": "",
    "id": "home-page",
    "keyword": "Feature",
    "uri": "HomePage.feature",
    "tags": [
      {
        "line": 1,
        "name": "@tag"
      }
    ]
  },
  {
    "line": 3,
    "elements": [
      {
        "line": 6,
        "name": "Login into flipkart",
        "description": "",
        "id": "login-page;login-into-flipkart",
        "type": "scenario",
        "keyword": "Scenario",
        "steps": [
          {
            "result": {
              "duration": 4093615603,
              "error_message": "org.openqa.selenium.WebDriverException: chrome not reachable\n  (Session info: chrome\u003d60.0.3112.113)\n  (Driver info: chromedriver\u003d2.30.477700 (0057494ad8732195794a7b32078424f92a5fce41),platform\u003dWindows NT 6.1.7601 SP1 x86_64) (WARNING: The server did not provide any stacktrace information)\nCommand duration or timeout: 4.07 seconds\nBuild info: version: \u00273.4.0\u0027, revision: \u0027unknown\u0027, time: \u0027unknown\u0027\nSystem info: host: \u0027AMRA\u0027, ip: \u0027192.168.10.37\u0027, os.name: \u0027Windows 7\u0027, os.arch: \u0027amd64\u0027, os.version: \u00276.1\u0027, java.version: \u00271.8.0_144\u0027\nDriver info: org.openqa.selenium.chrome.ChromeDriver\nCapabilities [{applicationCacheEnabled\u003dfalse, rotatable\u003dfalse, mobileEmulationEnabled\u003dfalse, networkConnectionEnabled\u003dfalse, chrome\u003d{chromedriverVersion\u003d2.30.477700 (0057494ad8732195794a7b32078424f92a5fce41), userDataDir\u003dC:\\Users\\AMRAKH~1\\AppData\\Local\\Temp\\scoped_dir9828_19954}, takesHeapSnapshot\u003dtrue, pageLoadStrategy\u003dnormal, databaseEnabled\u003dfalse, handlesAlerts\u003dtrue, hasTouchScreen\u003dfalse, version\u003d60.0.3112.113, platform\u003dXP, browserConnectionEnabled\u003dfalse, nativeEvents\u003dtrue, acceptSslCerts\u003dtrue, locationContextEnabled\u003dtrue, webStorageEnabled\u003dtrue, browserName\u003dchrome, takesScreenshot\u003dtrue, javascriptEnabled\u003dtrue, cssSelectorsEnabled\u003dtrue, unexpectedAlertBehaviour\u003d}]\nSession ID: b90b915bb2a7a071dbd4dd4da3f721e4\n*** Element info: {Using\u003dxpath, value\u003d//a[text()\u003d \u0027Log In\u0027]}\r\n\tat sun.reflect.NativeConstructorAccessorImpl.newInstance0(Native Method)\r\n\tat sun.reflect.NativeConstructorAccessorImpl.newInstance(NativeConstructorAccessorImpl.java:62)\r\n\tat sun.reflect.DelegatingConstructorAccessorImpl.newInstance(DelegatingConstructorAccessorImpl.java:45)\r\n\tat java.lang.reflect.Constructor.newInstance(Constructor.java:423)\r\n\tat org.openqa.selenium.remote.ErrorHandler.createThrowable(ErrorHandler.java:215)\r\n\tat org.openqa.selenium.remote.ErrorHandler.throwIfResponseFailed(ErrorHandler.java:167)\r\n\tat org.openqa.selenium.remote.RemoteWebDriver.execute(RemoteWebDriver.java:671)\r\n\tat org.openqa.selenium.remote.RemoteWebDriver.findElement(RemoteWebDriver.java:410)\r\n\tat org.openqa.selenium.remote.RemoteWebDriver.findElementByXPath(RemoteWebDriver.java:509)\r\n\tat org.openqa.selenium.By$ByXPath.findElement(By.java:361)\r\n\tat org.openqa.selenium.remote.RemoteWebDriver.findElement(RemoteWebDriver.java:402)\r\n\tat org.openqa.selenium.support.pagefactory.DefaultElementLocator.findElement(DefaultElementLocator.java:69)\r\n\tat org.openqa.selenium.support.pagefactory.internal.LocatingElementHandler.invoke(LocatingElementHandler.java:38)\r\n\tat com.sun.proxy.$Proxy15.click(Unknown Source)\r\n\tat pageObjects.HomePage.openLoginWindow(HomePage.java:35)\r\n\tat stepDefinitions.TestCase.he_clicks_on_login_icon(TestCase.java:58)\r\n\tat ✽.When he clicks on login icon(LoginPage.feature:7)\r\n",
              "status": "failed"
            },
            "line": 7,
            "name": "he clicks on login icon",
            "match": {
              "location": "TestCase.he_clicks_on_login_icon()"
            },
            "keyword": "When "
          },
          {
            "result": {
              "status": "skipped"
            },
            "line": 8,
            "name": "he should be able to see the Login Page",
            "match": {
              "location": "TestCase.he_should_be_able_to_see_the_Login_Page()"
            },
            "keyword": "Then "
          }
        ]
      },
      {
        "line": 11,
        "name": "Login into flipkart",
        "description": "",
        "id": "login-page;login-into-flipkart",
        "type": "scenario",
        "keyword": "Scenario",
        "steps": [
          {
            "result": {
              "duration": 96424,
              "status": "passed"
            },
            "line": 12,
            "name": "User is on the Login Page",
            "match": {
              "location": "TestCase.user_is_on_the_Login_Page()"
            },
            "keyword": "Given "
          },
          {
            "result": {
              "duration": 4037587550,
              "error_message": "org.openqa.selenium.WebDriverException: chrome not reachable\n  (Session info: chrome\u003d60.0.3112.113)\n  (Driver info: chromedriver\u003d2.30.477700 (0057494ad8732195794a7b32078424f92a5fce41),platform\u003dWindows NT 6.1.7601 SP1 x86_64) (WARNING: The server did not provide any stacktrace information)\nCommand duration or timeout: 4.03 seconds\nBuild info: version: \u00273.4.0\u0027, revision: \u0027unknown\u0027, time: \u0027unknown\u0027\nSystem info: host: \u0027AMRA\u0027, ip: \u0027192.168.10.37\u0027, os.name: \u0027Windows 7\u0027, os.arch: \u0027amd64\u0027, os.version: \u00276.1\u0027, java.version: \u00271.8.0_144\u0027\nDriver info: org.openqa.selenium.chrome.ChromeDriver\nCapabilities [{applicationCacheEnabled\u003dfalse, rotatable\u003dfalse, mobileEmulationEnabled\u003dfalse, networkConnectionEnabled\u003dfalse, chrome\u003d{chromedriverVersion\u003d2.30.477700 (0057494ad8732195794a7b32078424f92a5fce41), userDataDir\u003dC:\\Users\\AMRAKH~1\\AppData\\Local\\Temp\\scoped_dir9828_19954}, takesHeapSnapshot\u003dtrue, pageLoadStrategy\u003dnormal, databaseEnabled\u003dfalse, handlesAlerts\u003dtrue, hasTouchScreen\u003dfalse, version\u003d60.0.3112.113, platform\u003dXP, browserConnectionEnabled\u003dfalse, nativeEvents\u003dtrue, acceptSslCerts\u003dtrue, locationContextEnabled\u003dtrue, webStorageEnabled\u003dtrue, browserName\u003dchrome, takesScreenshot\u003dtrue, javascriptEnabled\u003dtrue, cssSelectorsEnabled\u003dtrue, unexpectedAlertBehaviour\u003d}]\nSession ID: b90b915bb2a7a071dbd4dd4da3f721e4\n*** Element info: {Using\u003dxpath, value\u003d//input[@class \u003d \u0027_2zrpKA\u0027]}\r\n\tat sun.reflect.NativeConstructorAccessorImpl.newInstance0(Native Method)\r\n\tat sun.reflect.NativeConstructorAccessorImpl.newInstance(NativeConstructorAccessorImpl.java:62)\r\n\tat sun.reflect.DelegatingConstructorAccessorImpl.newInstance(DelegatingConstructorAccessorImpl.java:45)\r\n\tat java.lang.reflect.Constructor.newInstance(Constructor.java:423)\r\n\tat org.openqa.selenium.remote.ErrorHandler.createThrowable(ErrorHandler.java:215)\r\n\tat org.openqa.selenium.remote.ErrorHandler.throwIfResponseFailed(ErrorHandler.java:167)\r\n\tat org.openqa.selenium.remote.RemoteWebDriver.execute(RemoteWebDriver.java:671)\r\n\tat org.openqa.selenium.remote.RemoteWebDriver.findElement(RemoteWebDriver.java:410)\r\n\tat org.openqa.selenium.remote.RemoteWebDriver.findElementByXPath(RemoteWebDriver.java:509)\r\n\tat org.openqa.selenium.By$ByXPath.findElement(By.java:361)\r\n\tat org.openqa.selenium.remote.RemoteWebDriver.findElement(RemoteWebDriver.java:402)\r\n\tat org.openqa.selenium.support.pagefactory.DefaultElementLocator.findElement(DefaultElementLocator.java:69)\r\n\tat org.openqa.selenium.support.pagefactory.internal.LocatingElementHandler.invoke(LocatingElementHandler.java:38)\r\n\tat com.sun.proxy.$Proxy15.sendKeys(Unknown Source)\r\n\tat pageObjects.LoginPage.enterEmailId(LoginPage.java:33)\r\n\tat stepDefinitions.TestCase.user_enters_Username_as_and_Password_as(TestCase.java:77)\r\n\tat ✽.When User enters Username as \"8750152322\" and Password as \"telnet@123\"(LoginPage.feature:13)\r\n",
              "status": "failed"
            },
            "line": 13,
            "name": "User enters Username as \"8750152322\" and Password as \"telnet@123\"",
            "match": {
              "arguments": [
                {
                  "val": "8750152322",
                  "offset": 25
                },
                {
                  "val": "telnet@123",
                  "offset": 54
                }
              ],
              "location": "TestCase.user_enters_Username_as_and_Password_as(String,String)"
            },
            "keyword": "When "
          },
          {
            "result": {
              "status": "skipped"
            },
            "line": 14,
            "name": "click the submit button",
            "match": {
              "location": "TestCase.click_the_submit_button()"
            },
            "keyword": "And "
          },
          {
            "result": {
              "status": "skipped"
            },
            "line": 15,
            "name": "user should be on the home page",
            "match": {
              "location": "TestCase.user_should_be_on_the_home_page()"
            },
            "keyword": "Then "
          }
        ]
      }
    ],
    "name": "Login Page",
    "description": "",
    "id": "login-page",
    "keyword": "Feature",
    "uri": "LoginPage.feature",
    "tags": [
      {
        "line": 2,
        "name": "@tag"
      }
    ]
  },
  {
    "line": 3,
    "elements": [
      {
        "line": 6,
        "name": "Product name with highest rating",
        "description": "",
        "id": "product-list;product-name-with-highest-rating",
        "type": "scenario",
        "keyword": "Scenario",
        "steps": [
          {
            "result": {
              "duration": 166396,
              "status": "passed"
            },
            "line": 7,
            "name": "User is on the product list page",
            "match": {
              "location": "TestCase.user_is_on_the_product_list_page()"
            },
            "keyword": "When "
          },
          {
            "result": {
              "duration": 4087998249,
              "error_message": "org.openqa.selenium.WebDriverException: chrome not reachable\n  (Session info: chrome\u003d60.0.3112.113)\n  (Driver info: chromedriver\u003d2.30.477700 (0057494ad8732195794a7b32078424f92a5fce41),platform\u003dWindows NT 6.1.7601 SP1 x86_64) (WARNING: The server did not provide any stacktrace information)\nCommand duration or timeout: 4.03 seconds\nBuild info: version: \u00273.4.0\u0027, revision: \u0027unknown\u0027, time: \u0027unknown\u0027\nSystem info: host: \u0027AMRA\u0027, ip: \u0027192.168.10.37\u0027, os.name: \u0027Windows 7\u0027, os.arch: \u0027amd64\u0027, os.version: \u00276.1\u0027, java.version: \u00271.8.0_144\u0027\nDriver info: org.openqa.selenium.chrome.ChromeDriver\nCapabilities [{applicationCacheEnabled\u003dfalse, rotatable\u003dfalse, mobileEmulationEnabled\u003dfalse, networkConnectionEnabled\u003dfalse, chrome\u003d{chromedriverVersion\u003d2.30.477700 (0057494ad8732195794a7b32078424f92a5fce41), userDataDir\u003dC:\\Users\\AMRAKH~1\\AppData\\Local\\Temp\\scoped_dir9828_19954}, takesHeapSnapshot\u003dtrue, pageLoadStrategy\u003dnormal, databaseEnabled\u003dfalse, handlesAlerts\u003dtrue, hasTouchScreen\u003dfalse, version\u003d60.0.3112.113, platform\u003dXP, browserConnectionEnabled\u003dfalse, nativeEvents\u003dtrue, acceptSslCerts\u003dtrue, locationContextEnabled\u003dtrue, webStorageEnabled\u003dtrue, browserName\u003dchrome, takesScreenshot\u003dtrue, javascriptEnabled\u003dtrue, cssSelectorsEnabled\u003dtrue, unexpectedAlertBehaviour\u003d}]\nSession ID: b90b915bb2a7a071dbd4dd4da3f721e4\n*** Element info: {Using\u003dxpath, value\u003d//div[@class \u003d \u0027_3BTv9X\u0027]}\r\n\tat sun.reflect.NativeConstructorAccessorImpl.newInstance0(Native Method)\r\n\tat sun.reflect.NativeConstructorAccessorImpl.newInstance(NativeConstructorAccessorImpl.java:62)\r\n\tat sun.reflect.DelegatingConstructorAccessorImpl.newInstance(DelegatingConstructorAccessorImpl.java:45)\r\n\tat java.lang.reflect.Constructor.newInstance(Constructor.java:423)\r\n\tat org.openqa.selenium.remote.ErrorHandler.createThrowable(ErrorHandler.java:215)\r\n\tat org.openqa.selenium.remote.ErrorHandler.throwIfResponseFailed(ErrorHandler.java:167)\r\n\tat org.openqa.selenium.remote.RemoteWebDriver.execute(RemoteWebDriver.java:671)\r\n\tat org.openqa.selenium.remote.RemoteWebDriver.findElement(RemoteWebDriver.java:410)\r\n\tat org.openqa.selenium.remote.RemoteWebDriver.findElementByXPath(RemoteWebDriver.java:509)\r\n\tat org.openqa.selenium.By$ByXPath.findElement(By.java:361)\r\n\tat org.openqa.selenium.remote.RemoteWebDriver.findElement(RemoteWebDriver.java:402)\r\n\tat org.openqa.selenium.support.pagefactory.DefaultElementLocator.findElement(DefaultElementLocator.java:69)\r\n\tat org.openqa.selenium.support.pagefactory.internal.LocatingElementHandler.invoke(LocatingElementHandler.java:38)\r\n\tat com.sun.proxy.$Proxy15.isDisplayed(Unknown Source)\r\n\tat org.openqa.selenium.support.ui.ExpectedConditions.elementIfVisible(ExpectedConditions.java:302)\r\n\tat org.openqa.selenium.support.ui.ExpectedConditions.access$100(ExpectedConditions.java:44)\r\n\tat org.openqa.selenium.support.ui.ExpectedConditions$10.apply(ExpectedConditions.java:288)\r\n\tat org.openqa.selenium.support.ui.ExpectedConditions$10.apply(ExpectedConditions.java:285)\r\n\tat org.openqa.selenium.support.ui.ExpectedConditions$23.apply(ExpectedConditions.java:673)\r\n\tat org.openqa.selenium.support.ui.ExpectedConditions$23.apply(ExpectedConditions.java:669)\r\n\tat org.openqa.selenium.support.ui.FluentWait.until(FluentWait.java:209)\r\n\tat pageObjects.ProductList.getProduct(ProductList.java:44)\r\n\tat stepDefinitions.TestCase.he_should_get_the_product_with_highest_rating(TestCase.java:51)\r\n\tat ✽.Then he should get the product with highest rating(ProductList.feature:8)\r\n",
              "status": "failed"
            },
            "line": 8,
            "name": "he should get the product with highest rating",
            "match": {
              "location": "TestCase.he_should_get_the_product_with_highest_rating()"
            },
            "keyword": "Then "
          }
        ],
        "tags": [
          {
            "line": 5,
            "name": "@tag1"
          }
        ]
      }
    ],
    "name": "Product List",
    "description": "",
    "id": "product-list",
    "keyword": "Feature",
    "uri": "ProductList.feature",
    "tags": [
      {
        "line": 2,
        "name": "@tag"
      }
    ]
  }
]