<?xml version="1.0" encoding="UTF-8"?>
<testng-results skipped="0" failed="0" total="1" passed="1">
  <reporter-output>
  </reporter-output>
  <suite name="Default suite" duration-ms="13089" started-at="2017-08-29T10:49:04Z" finished-at="2017-08-29T10:49:17Z">
    <groups>
    </groups>
    <test name="Default test" duration-ms="13089" started-at="2017-08-29T10:49:04Z" finished-at="2017-08-29T10:49:17Z">
      <class name="com.excel.TestCase">
        <test-method status="PASS" signature="setUp()[pri:0, instance:com.excel.TestCase@5622fdf]" name="setUp" is-config="true" duration-ms="7599" started-at="2017-08-29T16:19:04Z" finished-at="2017-08-29T16:19:12Z">
          <reporter-output>
          </reporter-output>
        </test-method> <!-- setUp -->
        <test-method status="PASS" signature="loginPageTest()[pri:0, instance:com.excel.TestCase@5622fdf]" name="loginPageTest" duration-ms="4965" started-at="2017-08-29T16:19:12Z" finished-at="2017-08-29T16:19:17Z">
          <reporter-output>
          </reporter-output>
        </test-method> <!-- loginPageTest -->
        <test-method status="PASS" signature="closeSetUp()[pri:0, instance:com.excel.TestCase@5622fdf]" name="closeSetUp" is-config="true" duration-ms="512" started-at="2017-08-29T16:19:17Z" finished-at="2017-08-29T16:19:17Z">
          <reporter-output>
          </reporter-output>
        </test-method> <!-- closeSetUp -->
      </class> <!-- com.excel.TestCase -->
    </test> <!-- Default test -->
  </suite> <!-- Default suite -->
</testng-results>
